[04-Oct-2020 18:56:51] NOTICE: fpm is running, pid 603
[04-Oct-2020 18:56:51] NOTICE: ready to handle connections
[04-Oct-2020 20:48:00] WARNING: [pool www] server reached pm.max_children setting (5), consider raising it
[04-Oct-2020 21:28:01] NOTICE: Terminating ...
[04-Oct-2020 21:28:01] NOTICE: exiting, bye-bye!
[04-Oct-2020 21:36:49] NOTICE: fpm is running, pid 322
[04-Oct-2020 21:36:49] NOTICE: ready to handle connections
[04-Oct-2020 21:47:04] WARNING: [pool www] server reached pm.max_children setting (5), consider raising it
[04-Oct-2020 21:47:24] NOTICE: Terminating ...
[04-Oct-2020 21:47:24] NOTICE: exiting, bye-bye!
[04-Oct-2020 22:18:06] NOTICE: fpm is running, pid 325
[04-Oct-2020 22:18:06] NOTICE: ready to handle connections
[04-Oct-2020 23:32:30] NOTICE: Terminating ...
[04-Oct-2020 23:32:30] NOTICE: exiting, bye-bye!
[04-Oct-2020 23:34:36] NOTICE: fpm is running, pid 319
[04-Oct-2020 23:34:36] NOTICE: ready to handle connections
[05-Oct-2020 00:49:01] NOTICE: Terminating ...
[05-Oct-2020 00:49:01] NOTICE: exiting, bye-bye!
[05-Oct-2020 00:49:29] NOTICE: fpm is running, pid 324
[05-Oct-2020 00:49:29] NOTICE: ready to handle connections
[05-Oct-2020 00:50:43] NOTICE: Terminating ...
[05-Oct-2020 00:50:43] NOTICE: exiting, bye-bye!
[05-Oct-2020 00:51:09] NOTICE: fpm is running, pid 323
[05-Oct-2020 00:51:09] NOTICE: ready to handle connections
[05-Oct-2020 09:31:00] NOTICE: Terminating ...
[05-Oct-2020 09:31:00] NOTICE: exiting, bye-bye!
[05-Oct-2020 09:31:28] NOTICE: fpm is running, pid 325
[05-Oct-2020 09:31:28] NOTICE: ready to handle connections
